[2018-02-11T14:03:48.243] [INFO] common - BlogController：发布博客
[2018-02-11T14:05:41.435] [INFO] common - BlogController：发布博客
[2018-02-11T14:07:34.404] [INFO] common - BlogController：发布博客
[2018-02-11T14:09:27.119] [INFO] common - BlogController：发布博客
[2018-02-11T14:50:03.596] [INFO] common - BlogController：发布博客
[2018-02-11T14:51:58.745] [INFO] common - BlogController：发布博客
[2018-02-11T14:55:29.245] [INFO] common - BlogController：发布博客
[2018-02-11T14:55:29.249] [INFO] common - ****通过GMS发布的第一篇博客，测试发布功能，标题概述自动获取功能。在我的博客中展现，使用elastic进行全站搜索



## 博文规则
### 标题获取规则
截取第一个回车（换行）之前的内容，去除`#`以及空格作为博文标题！
### 概述获取规则
截取`****
[2018-02-11T14:57:35.404] [INFO] common - BlogController：发布博客
[2018-02-11T14:57:35.406] [INFO] common - ****通过GMS发布的第一篇博客，测试发布功能，标题概述自动获取功能。在我的博客中展现，使用elastic进行全站搜索


## 博文规则
### 标题获取规则
截取第一个回车（换行）之前的内容，去除`#`以及空格作为博文标题！
### 概述获取规则
截取`<!--More-->`之前的正文内容作为概述，在编写博文时，请填写<!--More--> 标识，若没有则视为该博文没有概述内容！
### 正文获取规则
去除标题以及`<!--More-->`标识，其它所有作为正文内容！

---

## 系统概述
### 我的博客
我的博客使用vue作为前端构建，使用iview作为vue的ui框架，使用egg作为服务端框架，数据库使用mysql。
> 支持功能：

- 博客首页访问统计，以cookie作为唯一用户标识
- 上传统计，近30天的上传记录，
- 下拉触底加载更多
- elasctic全站搜索

### GMS
GMS意在构建一个个人全面应用的网站，包括每日任务，项目记录，消费记录，博文发布及数据统计，使用antd pro作为前端构架，服务端使用Koa@2
> 目前支持：

- 博文发布****
[2018-02-11T14:59:01.210] [INFO] common - BlogController：发布博客
[2018-02-11T14:59:01.213] [INFO] common - ****通过GMS发布的第一篇博客，测试发布功能，标题概述自动获取功能。在我的博客中展现，使用elastic进行全站搜索


## 博文规则
### 标题获取规则
截取第一个回车（换行）之前的内容，去除`#`以及空格作为博文标题！
### 概述获取规则
截取`<!--More-->`之前的正文内容作为概述，在编写博文时，请填写<!--More--> 标识，若没有则视为该博文没有概述内容！
### 正文获取规则
去除标题以及`<!--More-->`标识，其它所有作为正文内容！

---

## 系统概述
### 我的博客
我的博客使用vue作为前端构建，使用iview作为vue的ui框架，使用egg作为服务端框架，数据库使用mysql。
> 支持功能：

- 博客首页访问统计，以cookie作为唯一用户标识
- 上传统计，近30天的上传记录，
- 下拉触底加载更多
- elasctic全站搜索

### GMS
GMS意在构建一个个人全面应用的网站，包括每日任务，项目记录，消费记录，博文发布及数据统计，使用antd pro作为前端构架，服务端使用Koa@2
> 目前支持：

- 博文发布****
[2018-02-11T15:01:13.459] [INFO] common - BlogController：发布博客
[2018-02-11T15:01:13.462] [INFO] common - ****通过GMS发布的第一篇博客，测试发布功能，标题概述自动获取功能。在我的博客中展现，使用elastic进行全站搜索


## 博文规则
### 标题获取规则
截取第一个回车（换行）之前的内容，去除`#`以及空格作为博文标题！
### 概述获取规则
截取`<!--More-->`之前的正文内容作为概述，在编写博文时，请填写<!--More--> 标识，若没有则视为该博文没有概述内容！
### 正文获取规则
去除标题以及`<!--More-->`标识，其它所有作为正文内容！

---

## 系统概述
### 我的博客
我的博客使用vue作为前端构建，使用iview作为vue的ui框架，使用egg作为服务端框架，数据库使用mysql。
> 支持功能：

- 博客首页访问统计，以cookie作为唯一用户标识
- 上传统计，近30天的上传记录，
- 下拉触底加载更多
- elasctic全站搜索

### GMS
GMS意在构建一个个人全面应用的网站，包括每日任务，项目记录，消费记录，博文发布及数据统计，使用antd pro作为前端构架，服务端使用Koa@2
> 目前支持：

- 博文发布****
[2018-02-11T15:01:50.293] [INFO] common - BlogController：发布博客
[2018-02-11T15:01:50.298] [INFO] common - ****通过GMS发布的第一篇博客，测试发布功能，标题概述自动获取功能。在我的博客中展现，使用elastic进行全站搜索


## 博文规则
### 标题获取规则
截取第一个回车（换行）之前的内容，去除`#`以及空格作为博文标题！
### 概述获取规则
截取`<!--More-->`之前的正文内容作为概述，在编写博文时，请填写<!--More--> 标识，若没有则视为该博文没有概述内容！
### 正文获取规则
去除标题以及`<!--More-->`标识，其它所有作为正文内容！

---

## 系统概述
### 我的博客
我的博客使用vue作为前端构建，使用iview作为vue的ui框架，使用egg作为服务端框架，数据库使用mysql。
> 支持功能：

- 博客首页访问统计，以cookie作为唯一用户标识
- 上传统计，近30天的上传记录，
- 下拉触底加载更多
- elasctic全站搜索

### GMS
GMS意在构建一个个人全面应用的网站，包括每日任务，项目记录，消费记录，博文发布及数据统计，使用antd pro作为前端构架，服务端使用Koa@2
> 目前支持：

- 博文发布****
[2018-02-11T15:32:06.675] [INFO] common - BlogController：发布博客
[2018-02-11T16:29:38.657] [INFO] common - BlogController：保存博客
[2018-02-11T16:30:34.278] [INFO] common - BlogController：保存博客
[2018-02-11T16:31:03.093] [INFO] common - BlogController：保存博客
[2018-02-11T16:31:25.570] [INFO] common - BlogController：保存博客
[2018-02-11T16:32:05.769] [INFO] common - BlogController：保存博客
[2018-02-11T16:33:07.457] [INFO] common - BlogController：保存博客
[2018-02-11T16:33:19.860] [INFO] common - BlogController：保存博客
[2018-02-11T16:34:09.501] [INFO] common - BlogController：保存博客
[2018-02-11T16:35:14.632] [INFO] common - BlogController：保存博客
[2018-02-11T16:36:25.026] [INFO] common - BlogController：保存博客
